<?xml version="1.0" encoding="UTF-8"?>
<testng-results ignored="0" total="1" passed="1" failed="0" skipped="0">
  <reporter-output>
  </reporter-output>
  <suite started-at="2023-07-18T18:51:33 IST" name="Default suite" finished-at="2023-07-18T18:53:39 IST" duration-ms="126198">
    <groups>
    </groups>
    <test started-at="2023-07-18T18:51:33 IST" name="Default test" finished-at="2023-07-18T18:53:39 IST" duration-ms="126198">
      <class name="Test_cases.DashboardElementFRPS">
        <test-method is-config="true" signature="BeforTest()[pri:0, instance:Test_cases.DashboardElementFRPS@72f926e6]" started-at="2023-07-18T18:51:33 IST" name="BeforTest" finished-at="2023-07-18T18:51:37 IST" duration-ms="4202" status="PASS">
          <reporter-output>
          </reporter-output>
        </test-method> <!-- BeforTest -->
        <test-method is-config="true" signature="setup()[pri:0, instance:Test_cases.DashboardElementFRPS@72f926e6]" started-at="2023-07-18T18:51:37 IST" name="setup" finished-at="2023-07-18T18:51:37 IST" duration-ms="5" status="PASS">
          <reporter-output>
          </reporter-output>
        </test-method> <!-- setup -->
        <test-method signature="Dashboard()[pri:0, instance:Test_cases.DashboardElementFRPS@72f926e6]" started-at="2023-07-18T18:51:37 IST" name="Dashboard" finished-at="2023-07-18T18:53:39 IST" duration-ms="121927" status="PASS">
          <reporter-output>
          </reporter-output>
        </test-method> <!-- Dashboard -->
        <test-method is-config="true" signature="AfterMethod()[pri:0, instance:Test_cases.DashboardElementFRPS@72f926e6]" started-at="2023-07-18T18:53:39 IST" name="AfterMethod" finished-at="2023-07-18T18:53:39 IST" duration-ms="2" status="PASS">
          <reporter-output>
          </reporter-output>
        </test-method> <!-- AfterMethod -->
        <test-method is-config="true" signature="clearPOMObjects()[pri:0, instance:Test_cases.DashboardElementFRPS@72f926e6]" started-at="2023-07-18T18:53:39 IST" name="clearPOMObjects" finished-at="2023-07-18T18:53:39 IST" duration-ms="1" status="PASS">
          <reporter-output>
          </reporter-output>
        </test-method> <!-- clearPOMObjects -->
        <test-method is-config="true" signature="tearDown()[pri:0, instance:Test_cases.DashboardElementFRPS@72f926e6]" started-at="2023-07-18T18:53:39 IST" name="tearDown" finished-at="2023-07-18T18:53:39 IST" duration-ms="0" status="PASS">
          <reporter-output>
          </reporter-output>
        </test-method> <!-- tearDown -->
        <test-method is-config="true" signature="AfterTest()[pri:0, instance:Test_cases.DashboardElementFRPS@72f926e6]" started-at="2023-07-18T18:53:39 IST" name="AfterTest" finished-at="2023-07-18T18:53:39 IST" duration-ms="3" status="PASS">
          <reporter-output>
          </reporter-output>
        </test-method> <!-- AfterTest -->
      </class> <!-- Test_cases.DashboardElementFRPS -->
    </test> <!-- Default test -->
  </suite> <!-- Default suite -->
</testng-results>
